pppPutSettings/build/intermediates/manifest_merge_blame_file/debug/manifest-merger-blame-debug-report.txt
1<?xml version="1.0" encoding="utf-8"?>
2<manifest xmlns:android="http://schemas.android.com/apk/res/android"
3    package="sk.henrichg.pppputsettings"
4    android:versionCode="35"
5    android:versionName="1.0.2" >
6
7    <uses-sdk
8        android:minSdkVersion="22"
8-->src/main/AndroidManifest.xml
9        android:targetSdkVersion="22" />
9-->src/main/AndroidManifest.xml
10
11    <supports-screens
11-->src/main/AndroidManifest.xml:5:5-10:39
12        android:anyDensity="true"
12-->src/main/AndroidManifest.xml:6:9-34
13        android:largeScreens="true"
13-->src/main/AndroidManifest.xml:7:9-36
14        android:normalScreens="true"
14-->src/main/AndroidManifest.xml:8:9-37
15        android:smallScreens="true"
15-->src/main/AndroidManifest.xml:9:9-36
16        android:xlargeScreens="true" />
16-->src/main/AndroidManifest.xml:10:9-37
17
18    <permission
18-->src/main/AndroidManifest.xml:12:5-15:46
19        android:name="sk.henrichg.pppputsettings.PPP_PUT_SETTINGS_PERMISSION"
19-->src/main/AndroidManifest.xml:13:9-78
20        android:label="@string/pppputsettings_permission"
20-->src/main/AndroidManifest.xml:14:9-58
21        android:protectionLevel="signature" />
21-->src/main/AndroidManifest.xml:15:9-44
22
23    <uses-permission android:name="sk.henrichg.pppputsettings.PPP_PUT_SETTINGS_PERMISSION" />
23-->src/main/AndroidManifest.xml:17:5-93
23-->src/main/AndroidManifest.xml:17:22-91
24    <uses-permission android:name="android.permission.WRITE_SETTINGS" />
24-->src/main/AndroidManifest.xml:19:5-108
24-->src/main/AndroidManifest.xml:19:22-70
25
26    <queries>
26-->[ch.acra:acra-mail:5.9.7] AndroidManifest.xml:22:5-36:15
27        <intent>
27-->[ch.acra:acra-mail:5.9.7] AndroidManifest.xml:23:9-27:18
28            <action android:name="android.intent.action.SEND" />
28-->[ch.acra:acra-mail:5.9.7] AndroidManifest.xml:24:13-65
28-->[ch.acra:acra-mail:5.9.7] AndroidManifest.xml:24:21-62
29
30            <data android:mimeType="message/rfc822" />
30-->[ch.acra:acra-mail:5.9.7] AndroidManifest.xml:26:13-55
30-->[ch.acra:acra-mail:5.9.7] AndroidManifest.xml:26:19-52
31        </intent>
32        <intent>
32-->[ch.acra:acra-mail:5.9.7] AndroidManifest.xml:28:9-32:18
33            <action android:name="android.intent.action.SEND_MULTIPLE" />
33-->[ch.acra:acra-mail:5.9.7] AndroidManifest.xml:29:13-74
33-->[ch.acra:acra-mail:5.9.7] AndroidManifest.xml:29:21-71
34
35            <data android:mimeType="message/rfc822" />
35-->[ch.acra:acra-mail:5.9.7] AndroidManifest.xml:26:13-55
35-->[ch.acra:acra-mail:5.9.7] AndroidManifest.xml:26:19-52
36        </intent>
37        <intent>
37-->[ch.acra:acra-mail:5.9.7] AndroidManifest.xml:33:9-35:18
38            <action android:name="android.intent.action.SENDTO" />
38-->[ch.acra:acra-mail:5.9.7] AndroidManifest.xml:34:13-67
38-->[ch.acra:acra-mail:5.9.7] AndroidManifest.xml:34:21-64
39        </intent>
40    </queries>
41
42    <uses-permission android:name="android.permission.POST_NOTIFICATIONS" />
42-->[ch.acra:acra-notification:5.9.7] AndroidManifest.xml:22:5-77
42-->[ch.acra:acra-notification:5.9.7] AndroidManifest.xml:22:22-74
43
44    <permission
44-->[androidx.core:core:1.9.0] AndroidManifest.xml:22:5-24:47
45        android:name="sk.henrichg.pppputsettings.DYNAMIC_RECEIVER_NOT_EXPORTED_PERMISSION"
45-->[androidx.core:core:1.9.0] AndroidManifest.xml:23:9-81
46        android:protectionLevel="signature" />
46-->[androidx.core:core:1.9.0] AndroidManifest.xml:24:9-44
47
48    <uses-permission android:name="sk.henrichg.pppputsettings.DYNAMIC_RECEIVER_NOT_EXPORTED_PERMISSION" /> <!-- <uses-permission android:name="android.permission.WRITE_SECURE_SETTINGS" tools:ignore="ProtectedPermissions"/> -->
48-->[androidx.core:core:1.9.0] AndroidManifest.xml:26:5-97
48-->[androidx.core:core:1.9.0] AndroidManifest.xml:26:22-94
49    <!-- <uses-permission android:name="android.permission.CHANGE_CONFIGURATION" tools:ignore="ProtectedPermissions"/> -->
50    <!-- <uses-permission android:name="android.permission.WRITE_EXTERNAL_STORAGE"/> -->
51    <application
51-->src/main/AndroidManifest.xml:26:5-69:19
52        android:name="sk.henrichg.pppputsettings.PPPPSApplication"
52-->src/main/AndroidManifest.xml:27:9-41
53        android:allowBackup="false"
53-->src/main/AndroidManifest.xml:29:9-36
54        android:appComponentFactory="androidx.core.app.CoreComponentFactory"
54-->[androidx.core:core:1.9.0] AndroidManifest.xml:28:18-86
55        android:debuggable="true"
56        android:icon="@mipmap/ic_launcher"
56-->src/main/AndroidManifest.xml:30:9-43
57        android:label="@string/pppputsettings_app_name"
57-->src/main/AndroidManifest.xml:28:9-56
58        android:supportsRtl="true"
58-->src/main/AndroidManifest.xml:31:9-35
59        android:testOnly="true"
60        android:theme="@style/AppTheme" >
60-->src/main/AndroidManifest.xml:32:9-40
61
62        <!-- android:roundIcon="@mipmap/ic_launcher_round" -->
63
64
65        <!-- support for 18.5:9 display (Samsung Galaxy S8, LG G6) -->
66        <meta-data
66-->src/main/AndroidManifest.xml:37:9-39:34
67            android:name="android.max_aspect"
67-->src/main/AndroidManifest.xml:38:13-46
68            android:value="2.4" />
68-->src/main/AndroidManifest.xml:39:13-32
69
70        <activity
70-->src/main/AndroidManifest.xml:41:9-49:20
71            android:name="sk.henrichg.pppputsettings.MainActivity"
71-->src/main/AndroidManifest.xml:41:19-47
72            android:label="@string/pppputsettings_app_name" >
72-->src/main/AndroidManifest.xml:42:13-60
73            <intent-filter>
73-->src/main/AndroidManifest.xml:44:13-48:29
74                <action android:name="android.intent.action.MAIN" />
74-->src/main/AndroidManifest.xml:45:17-68
74-->src/main/AndroidManifest.xml:45:25-66
75
76                <category android:name="android.intent.category.LAUNCHER" />
76-->src/main/AndroidManifest.xml:47:17-76
76-->src/main/AndroidManifest.xml:47:27-74
77            </intent-filter>
78        </activity>
79        <activity
79-->src/main/AndroidManifest.xml:50:9-53:20
80            android:name="sk.henrichg.pppputsettings.LogCrashActivity"
80-->src/main/AndroidManifest.xml:51:13-45
81            android:label="@string/empty_string" >
81-->src/main/AndroidManifest.xml:52:13-49
82        </activity>
83        <activity
83-->src/main/AndroidManifest.xml:55:9-67:20
84            android:name="sk.henrichg.pppputsettings.PutSettingsParameterActivity"
84-->src/main/AndroidManifest.xml:56:13-57
85            android:excludeFromRecents="true"
85-->src/main/AndroidManifest.xml:57:13-46
86            android:exported="true"
86-->src/main/AndroidManifest.xml:60:13-36
87            android:label="@string/empty_string"
87-->src/main/AndroidManifest.xml:58:13-49
88            android:launchMode="singleInstance"
88-->src/main/AndroidManifest.xml:61:13-48
89            android:permission="sk.henrichg.pppputsettings.PPP_PUT_SETTINGS_PERMISSION"
89-->src/main/AndroidManifest.xml:62:13-88
90            android:theme="@style/EmptyAppCompatActivity" >
90-->src/main/AndroidManifest.xml:59:13-58
91            <intent-filter>
91-->src/main/AndroidManifest.xml:63:13-66:29
92                <action android:name="sk.henrichg.pppputsettings.LAUNCH_IT" />
92-->src/main/AndroidManifest.xml:64:17-78
92-->src/main/AndroidManifest.xml:64:25-76
93
94                <category android:name="android.intent.category.DEFAULT" />
94-->src/main/AndroidManifest.xml:65:17-75
94-->src/main/AndroidManifest.xml:65:27-73
95            </intent-filter>
96        </activity>
97
98        <receiver
98-->[ch.acra:acra-notification:5.9.7] AndroidManifest.xml:25:9-28:39
99            android:name="org.acra.receiver.NotificationBroadcastReceiver"
99-->[ch.acra:acra-notification:5.9.7] AndroidManifest.xml:26:13-75
100            android:exported="false"
100-->[ch.acra:acra-notification:5.9.7] AndroidManifest.xml:27:13-37
101            android:process=":acra" />
101-->[ch.acra:acra-notification:5.9.7] AndroidManifest.xml:28:13-36
102
103        <service
103-->[ch.acra:acra-core:5.9.7] AndroidManifest.xml:24:9-28:39
104            android:name="org.acra.sender.LegacySenderService"
104-->[ch.acra:acra-core:5.9.7] AndroidManifest.xml:25:13-63
105            android:enabled="@bool/acra_enable_legacy_service"
105-->[ch.acra:acra-core:5.9.7] AndroidManifest.xml:26:13-63
106            android:exported="false"
106-->[ch.acra:acra-core:5.9.7] AndroidManifest.xml:27:13-37
107            android:process=":acra" />
107-->[ch.acra:acra-core:5.9.7] AndroidManifest.xml:28:13-36
108        <service
108-->[ch.acra:acra-core:5.9.7] AndroidManifest.xml:29:9-34:39
109            android:name="org.acra.sender.JobSenderService"
109-->[ch.acra:acra-core:5.9.7] AndroidManifest.xml:30:13-60
110            android:enabled="@bool/acra_enable_job_service"
110-->[ch.acra:acra-core:5.9.7] AndroidManifest.xml:31:13-60
111            android:exported="false"
111-->[ch.acra:acra-core:5.9.7] AndroidManifest.xml:32:13-37
112            android:permission="android.permission.BIND_JOB_SERVICE"
112-->[ch.acra:acra-core:5.9.7] AndroidManifest.xml:33:13-69
113            android:process=":acra" />
113-->[ch.acra:acra-core:5.9.7] AndroidManifest.xml:34:13-36
114
115        <provider
115-->[ch.acra:acra-core:5.9.7] AndroidManifest.xml:36:9-42:51
116            android:name="org.acra.attachment.AcraContentProvider"
116-->[ch.acra:acra-core:5.9.7] AndroidManifest.xml:37:13-67
117            android:authorities="sk.henrichg.pppputsettings.acra"
117-->[ch.acra:acra-core:5.9.7] AndroidManifest.xml:38:13-56
118            android:exported="false"
118-->[ch.acra:acra-core:5.9.7] AndroidManifest.xml:39:13-37
119            android:grantUriPermissions="true"
119-->[ch.acra:acra-core:5.9.7] AndroidManifest.xml:40:13-47
120            android:process=":acra" />
120-->[ch.acra:acra-core:5.9.7] AndroidManifest.xml:41:13-36
121        <provider
121-->[androidx.emoji2:emoji2:1.2.0] AndroidManifest.xml:24:9-32:20
122            android:name="androidx.startup.InitializationProvider"
122-->[androidx.emoji2:emoji2:1.2.0] AndroidManifest.xml:25:13-67
123            android:authorities="sk.henrichg.pppputsettings.androidx-startup"
123-->[androidx.emoji2:emoji2:1.2.0] AndroidManifest.xml:26:13-68
124            android:exported="false" >
124-->[androidx.emoji2:emoji2:1.2.0] AndroidManifest.xml:27:13-37
125            <meta-data
125-->[androidx.emoji2:emoji2:1.2.0] AndroidManifest.xml:29:13-31:52
126                android:name="androidx.emoji2.text.EmojiCompatInitializer"
126-->[androidx.emoji2:emoji2:1.2.0] AndroidManifest.xml:30:17-75
127                android:value="androidx.startup" />
127-->[androidx.emoji2:emoji2:1.2.0] AndroidManifest.xml:31:17-49
128            <meta-data
128-->[androidx.lifecycle:lifecycle-process:2.4.1] AndroidManifest.xml:31:13-33:52
129                android:name="androidx.lifecycle.ProcessLifecycleInitializer"
129-->[androidx.lifecycle:lifecycle-process:2.4.1] AndroidManifest.xml:32:17-78
130                android:value="androidx.startup" />
130-->[androidx.lifecycle:lifecycle-process:2.4.1] AndroidManifest.xml:33:17-49
131        </provider>
132    </application>
133
134</manifest>